# JRE version: Java(TM) SE Runtime Environment (8.0_191-b12) (build 1.8.0_191-b12)
# Java VM: Java HotSpot(TM) Client VM (25.191-b12 mixed mode windows-x86 )
Heap:
 def new generation   total 157248K, used 133581K [0x04c00000, 0x0f6a0000, 0x0f6a0000)
  eden space 139776K,  95% used [0x04c00000, 0x0ce737d0, 0x0d480000)
  from space 17472K,   0% used [0x0e590000, 0x0e590000, 0x0f6a0000)
  to   space 17472K,   0% used [0x0d480000, 0x0d480000, 0x0e590000)
 tenured generation   total 349568K, used 344900K [0x0f6a0000, 0x24c00000, 0x24c00000)
   the space 349568K,  98% used [0x0f6a0000, 0x24771328, 0x24771400, 0x24c00000)
 Metaspace       used 21494K, capacity 22061K, committed 22400K, reserved 22912K
GC Heap History (10 events):
Event: 156.166 GC heap before
{Heap before GC invocations=19 (full 6):
 def new generation   total 157248K, used 157247K [0x04c00000, 0x0f6a0000, 0x0f6a0000)
  eden space 139776K, 100% used [0x04c00000, 0x0d480000, 0x0d480000)
  from space 17472K,  99% used [0x0e590000, 0x0f69ffe8, 0x0f6a0000)
  to   space 17472K,   0% used [0x0d480000, 0x0d480000, 0x0e590000)
 tenured generation   total 349568K, used 349567K [0x0f6a0000, 0x24c00000, 0x24c00000)
   the space 349568K,  99% used [0x0f6a0000, 0x24bffff8, 0x24c00000, 0x24c00000)
 Metaspace       used 21496K, capacity 22063K, committed 22400K, reserved 22912K
Event: 156.888 GC heap after
Heap after GC invocations=20 (full 7):
 def new generation   total 157248K, used 104448K [0x04c00000, 0x0f6a0000, 0x0f6a0000)
  eden space 139776K,  74% used [0x04c00000, 0x0b2003a8, 0x0d480000)
  from space 17472K,   0% used [0x0e590000, 0x0e590000, 0x0f6a0000)
  to   space 17472K,   0% used [0x0d480000, 0x0d480000, 0x0e590000)
 tenured generation   total 349568K, used 349567K [0x0f6a0000, 0x24c00000, 0x24c00000)
   the space 349568K,  99% used [0x0f6a0000, 0x24bffff8, 0x24c00000, 0x24c00000)
 Metaspace       used 21496K, capacity 22063K, committed 22400K, reserved 22912K
}
Event: 157.722 GC heap before
{Heap before GC invocations=20 (full 7):
 def new generation   total 157248K, used 157247K [0x04c00000, 0x0f6a0000, 0x0f6a0000)
  eden space 139776K, 100% used [0x04c00000, 0x0d480000, 0x0d480000)
  from space 17472K,  99% used [0x0e590000, 0x0f69ffd8, 0x0f6a0000)
  to   space 17472K,   0% used [0x0d480000, 0x0d480000, 0x0e590000)
 tenured generation   total 349568K, used 349567K [0x0f6a0000, 0x24c00000, 0x24c00000)
   the space 349568K,  99% used [0x0f6a0000, 0x24bffff8, 0x24c00000, 0x24c00000)
 Metaspace       used 21496K, capacity 22063K, committed 22400K, reserved 22912K
Event: 158.804 GC heap after
Heap after GC invocations=21 (full 8):
 def new generation   total 157248K, used 127524K [0x04c00000, 0x0f6a0000, 0x0f6a0000)
  eden space 139776K,  91% used [0x04c00000, 0x0c889100, 0x0d480000)
  from space 17472K,   0% used [0x0e590000, 0x0e590000, 0x0f6a0000)
  to   space 17472K,   0% used [0x0d480000, 0x0d480000, 0x0e590000)
 tenured generation   total 349568K, used 349567K [0x0f6a0000, 0x24c00000, 0x24c00000)
   the space 349568K,  99% used [0x0f6a0000, 0x24bfffd0, 0x24c00000, 0x24c00000)
 Metaspace       used 21494K, capacity 22061K, committed 22400K, reserved 22912K
}
Event: 159.370 GC heap before
{Heap before GC invocations=21 (full 8):
 def new generation   total 157248K, used 157247K [0x04c00000, 0x0f6a0000, 0x0f6a0000)
  eden space 139776K, 100% used [0x04c00000, 0x0d480000, 0x0d480000)
  from space 17472K,  99% used [0x0e590000, 0x0f69ffe8, 0x0f6a0000)
  to   space 17472K,   0% used [0x0d480000, 0x0d480000, 0x0e590000)
 tenured generation   total 349568K, used 349567K [0x0f6a0000, 0x24c00000, 0x24c00000)
   the space 349568K,  99% used [0x0f6a0000, 0x24bfffd0, 0x24c00000, 0x24c00000)
 Metaspace       used 21494K, capacity 22061K, committed 22400K, reserved 22912K
Event: 160.137 GC heap after
Heap after GC invocations=22 (full 9):
 def new generation   total 157248K, used 141294K [0x04c00000, 0x0f6a0000, 0x0f6a0000)
  eden space 139776K,  99% used [0x04c00000, 0x0d47ff80, 0x0d480000)
  from space 17472K,   8% used [0x0e590000, 0x0e70b9c8, 0x0f6a0000)
  to   space 17472K,   0% used [0x0d480000, 0x0d480000, 0x0e590000)
 tenured generation   total 349568K, used 349567K [0x0f6a0000, 0x24c00000, 0x24c00000)
   the space 349568K,  99% used [0x0f6a0000, 0x24bfffd0, 0x24c00000, 0x24c00000)
 Metaspace       used 21494K, capacity 22061K, committed 22400K, reserved 22912K
}
Event: 160.139 GC heap before
{Heap before GC invocations=22 (full 9):
 def new generation   total 157248K, used 142104K [0x04c00000, 0x0f6a0000, 0x0f6a0000)
  eden space 139776K, 100% used [0x04c00000, 0x0d480000, 0x0d480000)
  from space 17472K,  13% used [0x0e590000, 0x0e7d6308, 0x0f6a0000)
  to   space 17472K,   0% used [0x0d480000, 0x0d480000, 0x0e590000)
 tenured generation   total 349568K, used 349567K [0x0f6a0000, 0x24c00000, 0x24c00000)
   the space 349568K,  99% used [0x0f6a0000, 0x24bfffd0, 0x24c00000, 0x24c00000)
 Metaspace       used 21494K, capacity 22061K, committed 22400K, reserved 22912K
Event: 161.184 GC heap after
Heap after GC invocations=23 (full 10):
 def new generation   total 157248K, used 141578K [0x04c00000, 0x0f6a0000, 0x0f6a0000)
  eden space 139776K,  99% used [0x04c00000, 0x0d47fff0, 0x0d480000)
  from space 17472K,  10% used [0x0e590000, 0x0e752960, 0x0f6a0000)
  to   space 17472K,   0% used [0x0d480000, 0x0d480000, 0x0e590000)
 tenured generation   total 349568K, used 349567K [0x0f6a0000, 0x24c00000, 0x24c00000)
   the space 349568K,  99% used [0x0f6a0000, 0x24bfffd0, 0x24c00000, 0x24c00000)
 Metaspace       used 21494K, capacity 22061K, committed 22400K, reserved 22912K
}
Event: 161.184 GC heap before
{Heap before GC invocations=23 (full 10):
 def new generation   total 157248K, used 141578K [0x04c00000, 0x0f6a0000, 0x0f6a0000)
  eden space 139776K,  99% used [0x04c00000, 0x0d47fff0, 0x0d480000)
  from space 17472K,  10% used [0x0e590000, 0x0e752960, 0x0f6a0000)
  to   space 17472K,   0% used [0x0d480000, 0x0d480000, 0x0e590000)
 tenured generation   total 349568K, used 349567K [0x0f6a0000, 0x24c00000, 0x24c00000)
   the space 349568K,  99% used [0x0f6a0000, 0x24bfffd0, 0x24c00000, 0x24c00000)
 Metaspace       used 21494K, capacity 22061K, committed 22400K, reserved 22912K
Event: 162.135 GC heap after
Heap after GC invocations=24 (full 11):
 def new generation   total 157248K, used 113371K [0x04c00000, 0x0f6a0000, 0x0f6a0000)
  eden space 139776K,  81% used [0x04c00000, 0x0bab6eb0, 0x0d480000)
  from space 17472K,   0% used [0x0e590000, 0x0e590000, 0x0f6a0000)
  to   space 17472K,   0% used [0x0d480000, 0x0d480000, 0x0e590000)
 tenured generation   total 349568K, used 344900K [0x0f6a0000, 0x24c00000, 0x24c00000)
   the space 349568K,  98% used [0x0f6a0000, 0x24771328, 0x24771400, 0x24c00000)
 Metaspace       used 21494K, capacity 22061K, committed 22400K, reserved 22912K
}

